"QUERY PLAN"
"Gather  (cost=1000.00..7134.57 rows=1 width=8) (actual time=0.326..54.574 rows=1 loops=1)"
"  Workers Planned: 1"
"  Workers Launched: 1"
"  ->  Parallel Seq Scan on test_indexing  (cost=0.00..6134.47 rows=1 width=8) (actual time=0.004..21.637 rows=0 loops=2)"
"        Filter: (id = 2)"
"        Rows Removed by Filter: 250000"
"Planning Time: 0.709 ms"
"Execution Time: 54.598 ms"
